-- The C compiler identification is GNU 13.3.0
-- The CXX compiler identification is GNU 13.3.0
-- Detecting C compiler ABI info
-- Detecting C compiler ABI info - done
-- Check for working C compiler: /usr/bin/cc - skipped
-- Detecting C compile features
-- Detecting C compile features - done
-- Detecting CXX compiler ABI info
-- Detecting CXX compiler ABI info - done
-- Check for working CXX compiler: /usr/bin/c++ - skipped
-- Detecting CXX compile features
-- Detecting CXX compile features - done
-- Found ament_cmake: 2.8.4 (/home/yahia-raouf/ws_moveit/install/ament_cmake/share/ament_cmake/cmake)
-- Found Python3: /usr/bin/python3 (found version "3.12.3") found components: Interpreter 
-- Override CMake install command with custom implementation using symlinks instead of copying resources
-- Found rclcpp: 28.1.11 (/opt/ros/jazzy/share/rclcpp/cmake)
-- Found rosidl_generator_c: 4.6.6 (/opt/ros/jazzy/share/rosidl_generator_c/cmake)
-- Found rosidl_generator_cpp: 4.6.6 (/opt/ros/jazzy/share/rosidl_generator_cpp/cmake)
-- Using all available rosidl_typesupport_c: rosidl_typesupport_fastrtps_c;rosidl_typesupport_introspection_c
-- Using all available rosidl_typesupport_cpp: rosidl_typesupport_fastrtps_cpp;rosidl_typesupport_introspection_cpp
-- Found rmw_implementation_cmake: 7.3.2 (/opt/ros/jazzy/share/rmw_implementation_cmake/cmake)
-- Found rmw_fastrtps_cpp: 8.4.3 (/opt/ros/jazzy/share/rmw_fastrtps_cpp/cmake)
-- Found OpenSSL: /usr/lib/x86_64-linux-gnu/libcrypto.so (found version "3.0.13")  
-- Found FastRTPS: /opt/ros/jazzy/include (Required is at least version "2.13") 
-- Using RMW implementation 'rmw_fastrtps_cpp' as default
-- Found moveit_ros_planning_interface: 2.14.0 (/home/yahia-raouf/ws_moveit/install/moveit_ros_planning_interface/share/moveit_ros_planning_interface/cmake)
-- Found Boost: /usr/lib/x86_64-linux-gnu/cmake/Boost-1.83.0/BoostConfig.cmake (found version "1.83.0") found components: date_time filesystem program_options system thread 
-- Found Boost: /usr/lib/x86_64-linux-gnu/cmake/Boost-1.83.0/BoostConfig.cmake (found version "1.83.0") found components: chrono date_time filesystem iostreams program_options regex serialization system thread 
-- Found parameter_traits: 0.5.0 (/opt/ros/jazzy/share/parameter_traits/cmake)
-- Found rclcpp_lifecycle: 28.1.11 (/opt/ros/jazzy/share/rclcpp_lifecycle/cmake)
-- Found Boost: /usr/lib/x86_64-linux-gnu/cmake/Boost-1.83.0/BoostConfig.cmake (found version "1.83.0") found components: filesystem 
-- Found Eigen3: TRUE (found version "3.4.0") 
-- Ensuring Eigen3 include directory is part of orocos-kdl CMake target
-- Found Boost: /usr/lib/x86_64-linux-gnu/cmake/Boost-1.83.0/BoostConfig.cmake (found version "1.83.0") found components: system filesystem date_time program_options thread chrono 
-- Found Boost: /usr/lib/x86_64-linux-gnu/cmake/Boost-1.83.0/BoostConfig.cmake (found version "1.83.0") found components: thread system filesystem regex date_time program_options 
-- Found Boost: /usr/lib/x86_64-linux-gnu/cmake/Boost-1.83.0/BoostConfig.cmake (found version "1.83.0") found components: system filesystem date_time program_options thread 
[0mCMake Deprecation Warning at /home/yahia-raouf/ws_moveit/install/ament_cmake_target_dependencies/share/ament_cmake_target_dependencies/cmake/ament_target_dependencies.cmake:87 (message):
  ament_target_dependencies() is deprecated.  Use target_link_libraries()
  with modern CMake targets instead.  Try replacing this call with:

    target_link_libraries(point_control PUBLIC
      moveit_ros_planning_interface::moveit_common_planning_interface_objects
      moveit_ros_planning_interface::moveit_move_group_interface
      moveit_ros_planning_interface::moveit_planning_scene_interface
      rclcpp::rclcpp
      tf2_geometry_msgs::tf2_geometry_msgs
    )

Call Stack (most recent call first):
  CMakeLists.txt:16 (ament_target_dependencies)

[0m
-- Configuring done (3.4s)
-- Generating done (0.0s)
-- Build files have been written to: /home/yahia-raouf/Ar4_Ros_ws/build/point_control_pkg
[ 50%] [32mBuilding CXX object CMakeFiles/point_control.dir/src/point_control.cpp.o[0m
[100%] [32m[1mLinking CXX executable point_control[0m
[100%] Built target point_control
-- Install configuration: ""
-- Execute custom install script
-- Symlinking: /home/yahia-raouf/Ar4_Ros_ws/install/point_control_pkg/lib/point_control_pkg/point_control
-- Symlinking: /home/yahia-raouf/Ar4_Ros_ws/install/point_control_pkg/share/ament_index/resource_index/package_run_dependencies/point_control_pkg
-- Symlinking: /home/yahia-raouf/Ar4_Ros_ws/install/point_control_pkg/share/ament_index/resource_index/parent_prefix_path/point_control_pkg
-- Symlinking: /home/yahia-raouf/Ar4_Ros_ws/install/point_control_pkg/share/point_control_pkg/environment/ament_prefix_path.sh
-- Symlinking: /home/yahia-raouf/Ar4_Ros_ws/install/point_control_pkg/share/point_control_pkg/environment/ament_prefix_path.dsv
-- Symlinking: /home/yahia-raouf/Ar4_Ros_ws/install/point_control_pkg/share/point_control_pkg/environment/path.sh
-- Symlinking: /home/yahia-raouf/Ar4_Ros_ws/install/point_control_pkg/share/point_control_pkg/environment/path.dsv
-- Symlinking: /home/yahia-raouf/Ar4_Ros_ws/install/point_control_pkg/share/point_control_pkg/local_setup.bash
-- Symlinking: /home/yahia-raouf/Ar4_Ros_ws/install/point_control_pkg/share/point_control_pkg/local_setup.sh
-- Symlinking: /home/yahia-raouf/Ar4_Ros_ws/install/point_control_pkg/share/point_control_pkg/local_setup.zsh
-- Symlinking: /home/yahia-raouf/Ar4_Ros_ws/install/point_control_pkg/share/point_control_pkg/local_setup.dsv
-- Symlinking: /home/yahia-raouf/Ar4_Ros_ws/install/point_control_pkg/share/point_control_pkg/package.dsv
-- Symlinking: /home/yahia-raouf/Ar4_Ros_ws/install/point_control_pkg/share/ament_index/resource_index/packages/point_control_pkg
-- Symlinking: /home/yahia-raouf/Ar4_Ros_ws/install/point_control_pkg/share/point_control_pkg/cmake/point_control_pkgConfig.cmake
-- Symlinking: /home/yahia-raouf/Ar4_Ros_ws/install/point_control_pkg/share/point_control_pkg/cmake/point_control_pkgConfig-version.cmake
-- Symlinking: /home/yahia-raouf/Ar4_Ros_ws/install/point_control_pkg/share/point_control_pkg/package.xml
