[0.015s] Invoking command in '/home/yahia-raouf/Ar4_Ros_ws/build/point_control_pkg': CMAKE_PREFIX_PATH=${CMAKE_PREFIX_PATH}:/home/yahia-raouf/ws_moveit/install/moveit_configs_utils:/opt/ros/jazzy DEBUGINFOD_URLS=https://debuginfod.ubuntu.com /usr/bin/cmake /home/yahia-raouf/Ar4_Ros_ws/src/ar4_ros_driver/point_control_pkg -DAMENT_CMAKE_SYMLINK_INSTALL=1 -DCMAKE_INSTALL_PREFIX=/home/yahia-raouf/Ar4_Ros_ws/install/point_control_pkg
[0.072s] -- The C compiler identification is GNU 13.3.0
[0.124s] -- The CXX compiler identification is GNU 13.3.0
[0.142s] -- Detecting C compiler ABI info
[0.246s] -- Detecting C compiler ABI info - done
[0.253s] -- Check for working C compiler: /usr/bin/cc - skipped
[0.254s] -- Detecting C compile features
[0.254s] -- Detecting C compile features - done
[0.264s] -- Detecting CXX compiler ABI info
[0.379s] -- Detecting CXX compiler ABI info - done
[0.386s] -- Check for working CXX compiler: /usr/bin/c++ - skipped
[0.387s] -- Detecting CXX compile features
[0.387s] -- Detecting CXX compile features - done
[0.394s] -- Found ament_cmake: 2.8.4 (/home/yahia-raouf/ws_moveit/install/ament_cmake/share/ament_cmake/cmake)
[0.637s] -- Found Python3: /usr/bin/python3 (found version "3.12.3") found components: Interpreter 
[0.732s] -- Override CMake install command with custom implementation using symlinks instead of copying resources
[0.857s] -- Found rclcpp: 28.1.11 (/opt/ros/jazzy/share/rclcpp/cmake)
[0.992s] -- Found rosidl_generator_c: 4.6.6 (/opt/ros/jazzy/share/rosidl_generator_c/cmake)
[1.029s] -- Found rosidl_generator_cpp: 4.6.6 (/opt/ros/jazzy/share/rosidl_generator_cpp/cmake)
[1.074s] -- Using all available rosidl_typesupport_c: rosidl_typesupport_fastrtps_c;rosidl_typesupport_introspection_c
[1.123s] -- Using all available rosidl_typesupport_cpp: rosidl_typesupport_fastrtps_cpp;rosidl_typesupport_introspection_cpp
[1.299s] -- Found rmw_implementation_cmake: 7.3.2 (/opt/ros/jazzy/share/rmw_implementation_cmake/cmake)
[1.316s] -- Found rmw_fastrtps_cpp: 8.4.3 (/opt/ros/jazzy/share/rmw_fastrtps_cpp/cmake)
[1.479s] -- Found OpenSSL: /usr/lib/x86_64-linux-gnu/libcrypto.so (found version "3.0.13")  
[1.508s] -- Found FastRTPS: /opt/ros/jazzy/include (Required is at least version "2.13") 
[1.539s] -- Using RMW implementation 'rmw_fastrtps_cpp' as default
[1.683s] -- Found moveit_ros_planning_interface: 2.14.0 (/home/yahia-raouf/ws_moveit/install/moveit_ros_planning_interface/share/moveit_ros_planning_interface/cmake)
[1.909s] -- Found Boost: /usr/lib/x86_64-linux-gnu/cmake/Boost-1.83.0/BoostConfig.cmake (found version "1.83.0") found components: date_time filesystem program_options system thread 
[2.366s] -- Found Boost: /usr/lib/x86_64-linux-gnu/cmake/Boost-1.83.0/BoostConfig.cmake (found version "1.83.0") found components: chrono date_time filesystem iostreams program_options regex serialization system thread 
[2.566s] -- Found parameter_traits: 0.5.0 (/opt/ros/jazzy/share/parameter_traits/cmake)
[2.624s] -- Found rclcpp_lifecycle: 28.1.11 (/opt/ros/jazzy/share/rclcpp_lifecycle/cmake)
[2.693s] -- Found Boost: /usr/lib/x86_64-linux-gnu/cmake/Boost-1.83.0/BoostConfig.cmake (found version "1.83.0") found components: filesystem 
[2.837s] -- Found Eigen3: TRUE (found version "3.4.0") 
[2.837s] -- Ensuring Eigen3 include directory is part of orocos-kdl CMake target
[3.215s] -- Found Boost: /usr/lib/x86_64-linux-gnu/cmake/Boost-1.83.0/BoostConfig.cmake (found version "1.83.0") found components: system filesystem date_time program_options thread chrono 
[3.274s] -- Found Boost: /usr/lib/x86_64-linux-gnu/cmake/Boost-1.83.0/BoostConfig.cmake (found version "1.83.0") found components: thread system filesystem regex date_time program_options 
[3.314s] -- Found Boost: /usr/lib/x86_64-linux-gnu/cmake/Boost-1.83.0/BoostConfig.cmake (found version "1.83.0") found components: system filesystem date_time program_options thread 
[3.363s] [0mCMake Deprecation Warning at /home/yahia-raouf/ws_moveit/install/ament_cmake_target_dependencies/share/ament_cmake_target_dependencies/cmake/ament_target_dependencies.cmake:87 (message):
[3.364s]   ament_target_dependencies() is deprecated.  Use target_link_libraries()
[3.364s]   with modern CMake targets instead.  Try replacing this call with:
[3.364s] 
[3.364s]     target_link_libraries(point_control PUBLIC
[3.364s]       moveit_ros_planning_interface::moveit_common_planning_interface_objects
[3.364s]       moveit_ros_planning_interface::moveit_move_group_interface
[3.364s]       moveit_ros_planning_interface::moveit_planning_scene_interface
[3.364s]       rclcpp::rclcpp
[3.364s]       tf2_geometry_msgs::tf2_geometry_msgs
[3.364s]     )
[3.364s] 
[3.365s] Call Stack (most recent call first):
[3.365s]   CMakeLists.txt:16 (ament_target_dependencies)
[3.365s] 
[3.365s] [0m
[3.456s] -- Configuring done (3.4s)
[3.487s] -- Generating done (0.0s)
[3.492s] -- Build files have been written to: /home/yahia-raouf/Ar4_Ros_ws/build/point_control_pkg
[3.509s] Invoked command in '/home/yahia-raouf/Ar4_Ros_ws/build/point_control_pkg' returned '0': CMAKE_PREFIX_PATH=${CMAKE_PREFIX_PATH}:/home/yahia-raouf/ws_moveit/install/moveit_configs_utils:/opt/ros/jazzy DEBUGINFOD_URLS=https://debuginfod.ubuntu.com /usr/bin/cmake /home/yahia-raouf/Ar4_Ros_ws/src/ar4_ros_driver/point_control_pkg -DAMENT_CMAKE_SYMLINK_INSTALL=1 -DCMAKE_INSTALL_PREFIX=/home/yahia-raouf/Ar4_Ros_ws/install/point_control_pkg
[3.510s] Invoking command in '/home/yahia-raouf/Ar4_Ros_ws/build/point_control_pkg': CMAKE_PREFIX_PATH=${CMAKE_PREFIX_PATH}:/home/yahia-raouf/ws_moveit/install/moveit_configs_utils:/opt/ros/jazzy DEBUGINFOD_URLS=https://debuginfod.ubuntu.com /usr/bin/cmake --build /home/yahia-raouf/Ar4_Ros_ws/build/point_control_pkg -- -j16 -l16
[3.590s] [ 50%] [32mBuilding CXX object CMakeFiles/point_control.dir/src/point_control.cpp.o[0m
[10.861s] [100%] [32m[1mLinking CXX executable point_control[0m
[11.425s] [100%] Built target point_control
[11.443s] Invoked command in '/home/yahia-raouf/Ar4_Ros_ws/build/point_control_pkg' returned '0': CMAKE_PREFIX_PATH=${CMAKE_PREFIX_PATH}:/home/yahia-raouf/ws_moveit/install/moveit_configs_utils:/opt/ros/jazzy DEBUGINFOD_URLS=https://debuginfod.ubuntu.com /usr/bin/cmake --build /home/yahia-raouf/Ar4_Ros_ws/build/point_control_pkg -- -j16 -l16
[11.444s] Invoking command in '/home/yahia-raouf/Ar4_Ros_ws/build/point_control_pkg': CMAKE_PREFIX_PATH=${CMAKE_PREFIX_PATH}:/home/yahia-raouf/ws_moveit/install/moveit_configs_utils:/opt/ros/jazzy DEBUGINFOD_URLS=https://debuginfod.ubuntu.com /usr/bin/cmake --install /home/yahia-raouf/Ar4_Ros_ws/build/point_control_pkg
[11.458s] -- Install configuration: ""
[11.458s] -- Execute custom install script
[11.458s] -- Symlinking: /home/yahia-raouf/Ar4_Ros_ws/install/point_control_pkg/lib/point_control_pkg/point_control
[11.474s] -- Symlinking: /home/yahia-raouf/Ar4_Ros_ws/install/point_control_pkg/share/ament_index/resource_index/package_run_dependencies/point_control_pkg
[11.490s] -- Symlinking: /home/yahia-raouf/Ar4_Ros_ws/install/point_control_pkg/share/ament_index/resource_index/parent_prefix_path/point_control_pkg
[11.505s] -- Symlinking: /home/yahia-raouf/Ar4_Ros_ws/install/point_control_pkg/share/point_control_pkg/environment/ament_prefix_path.sh
[11.517s] -- Symlinking: /home/yahia-raouf/Ar4_Ros_ws/install/point_control_pkg/share/point_control_pkg/environment/ament_prefix_path.dsv
[11.532s] -- Symlinking: /home/yahia-raouf/Ar4_Ros_ws/install/point_control_pkg/share/point_control_pkg/environment/path.sh
[11.546s] -- Symlinking: /home/yahia-raouf/Ar4_Ros_ws/install/point_control_pkg/share/point_control_pkg/environment/path.dsv
[11.561s] -- Symlinking: /home/yahia-raouf/Ar4_Ros_ws/install/point_control_pkg/share/point_control_pkg/local_setup.bash
[11.575s] -- Symlinking: /home/yahia-raouf/Ar4_Ros_ws/install/point_control_pkg/share/point_control_pkg/local_setup.sh
[11.588s] -- Symlinking: /home/yahia-raouf/Ar4_Ros_ws/install/point_control_pkg/share/point_control_pkg/local_setup.zsh
[11.602s] -- Symlinking: /home/yahia-raouf/Ar4_Ros_ws/install/point_control_pkg/share/point_control_pkg/local_setup.dsv
[11.617s] -- Symlinking: /home/yahia-raouf/Ar4_Ros_ws/install/point_control_pkg/share/point_control_pkg/package.dsv
[11.634s] -- Symlinking: /home/yahia-raouf/Ar4_Ros_ws/install/point_control_pkg/share/ament_index/resource_index/packages/point_control_pkg
[11.651s] -- Symlinking: /home/yahia-raouf/Ar4_Ros_ws/install/point_control_pkg/share/point_control_pkg/cmake/point_control_pkgConfig.cmake
[11.667s] -- Symlinking: /home/yahia-raouf/Ar4_Ros_ws/install/point_control_pkg/share/point_control_pkg/cmake/point_control_pkgConfig-version.cmake
[11.684s] -- Symlinking: /home/yahia-raouf/Ar4_Ros_ws/install/point_control_pkg/share/point_control_pkg/package.xml
[11.700s] Invoked command in '/home/yahia-raouf/Ar4_Ros_ws/build/point_control_pkg' returned '0': CMAKE_PREFIX_PATH=${CMAKE_PREFIX_PATH}:/home/yahia-raouf/ws_moveit/install/moveit_configs_utils:/opt/ros/jazzy DEBUGINFOD_URLS=https://debuginfod.ubuntu.com /usr/bin/cmake --install /home/yahia-raouf/Ar4_Ros_ws/build/point_control_pkg
