[0.014s] Invoking command in '/home/yahia-raouf/Ar4_Ros_ws/build/point_control_pkg': CMAKE_PREFIX_PATH=${CMAKE_PREFIX_PATH}:/home/yahia-raouf/ws_moveit/install/moveit_configs_utils:/opt/ros/jazzy DEBUGINFOD_URLS=https://debuginfod.ubuntu.com /usr/bin/cmake --build /home/yahia-raouf/Ar4_Ros_ws/build/point_control_pkg -- -j16 -l16
[0.106s] [ 50%] [32mBuilding CXX object CMakeFiles/point_control.dir/src/point_control.cpp.o[0m
[6.379s] [100%] [32m[1mLinking CXX executable point_control[0m
[6.738s] [100%] Built target point_control
[6.753s] Invoked command in '/home/yahia-raouf/Ar4_Ros_ws/build/point_control_pkg' returned '0': CMAKE_PREFIX_PATH=${CMAKE_PREFIX_PATH}:/home/yahia-raouf/ws_moveit/install/moveit_configs_utils:/opt/ros/jazzy DEBUGINFOD_URLS=https://debuginfod.ubuntu.com /usr/bin/cmake --build /home/yahia-raouf/Ar4_Ros_ws/build/point_control_pkg -- -j16 -l16
[6.754s] Invoking command in '/home/yahia-raouf/Ar4_Ros_ws/build/point_control_pkg': CMAKE_PREFIX_PATH=${CMAKE_PREFIX_PATH}:/home/yahia-raouf/ws_moveit/install/moveit_configs_utils:/opt/ros/jazzy DEBUGINFOD_URLS=https://debuginfod.ubuntu.com /usr/bin/cmake --install /home/yahia-raouf/Ar4_Ros_ws/build/point_control_pkg
[6.765s] -- Install configuration: ""
[6.765s] -- Execute custom install script
[6.765s] -- Up-to-date symlink: /home/yahia-raouf/Ar4_Ros_ws/install/point_control_pkg/lib/point_control_pkg/point_control
[6.766s] -- Up-to-date symlink: /home/yahia-raouf/Ar4_Ros_ws/install/point_control_pkg/share/ament_index/resource_index/package_run_dependencies/point_control_pkg
[6.766s] -- Up-to-date symlink: /home/yahia-raouf/Ar4_Ros_ws/install/point_control_pkg/share/ament_index/resource_index/parent_prefix_path/point_control_pkg
[6.766s] -- Up-to-date symlink: /home/yahia-raouf/Ar4_Ros_ws/install/point_control_pkg/share/point_control_pkg/environment/ament_prefix_path.sh
[6.766s] -- Up-to-date symlink: /home/yahia-raouf/Ar4_Ros_ws/install/point_control_pkg/share/point_control_pkg/environment/ament_prefix_path.dsv
[6.766s] -- Up-to-date symlink: /home/yahia-raouf/Ar4_Ros_ws/install/point_control_pkg/share/point_control_pkg/environment/path.sh
[6.767s] -- Up-to-date symlink: /home/yahia-raouf/Ar4_Ros_ws/install/point_control_pkg/share/point_control_pkg/environment/path.dsv
[6.767s] -- Up-to-date symlink: /home/yahia-raouf/Ar4_Ros_ws/install/point_control_pkg/share/point_control_pkg/local_setup.bash
[6.767s] -- Up-to-date symlink: /home/yahia-raouf/Ar4_Ros_ws/install/point_control_pkg/share/point_control_pkg/local_setup.sh
[6.767s] -- Up-to-date symlink: /home/yahia-raouf/Ar4_Ros_ws/install/point_control_pkg/share/point_control_pkg/local_setup.zsh
[6.768s] -- Up-to-date symlink: /home/yahia-raouf/Ar4_Ros_ws/install/point_control_pkg/share/point_control_pkg/local_setup.dsv
[6.768s] -- Symlinking: /home/yahia-raouf/Ar4_Ros_ws/install/point_control_pkg/share/point_control_pkg/package.dsv
[6.780s] -- Up-to-date symlink: /home/yahia-raouf/Ar4_Ros_ws/install/point_control_pkg/share/ament_index/resource_index/packages/point_control_pkg
[6.780s] -- Up-to-date symlink: /home/yahia-raouf/Ar4_Ros_ws/install/point_control_pkg/share/point_control_pkg/cmake/point_control_pkgConfig.cmake
[6.781s] -- Up-to-date symlink: /home/yahia-raouf/Ar4_Ros_ws/install/point_control_pkg/share/point_control_pkg/cmake/point_control_pkgConfig-version.cmake
[6.781s] -- Up-to-date symlink: /home/yahia-raouf/Ar4_Ros_ws/install/point_control_pkg/share/point_control_pkg/package.xml
[6.783s] Invoked command in '/home/yahia-raouf/Ar4_Ros_ws/build/point_control_pkg' returned '0': CMAKE_PREFIX_PATH=${CMAKE_PREFIX_PATH}:/home/yahia-raouf/ws_moveit/install/moveit_configs_utils:/opt/ros/jazzy DEBUGINFOD_URLS=https://debuginfod.ubuntu.com /usr/bin/cmake --install /home/yahia-raouf/Ar4_Ros_ws/build/point_control_pkg
